*** Error 100 "Examen3.c" Line 6(5,28): USE parameter value is out of range   Unknown option: CLOCK40000000
*** Error 7 "Examen3.c" Line 7(2,8): Invalid Pre-Processor directive
*** Error 43 "Examen3.c" Line 7(9,10): Expecting a declaration
*** Error 97 "Examen3.c" Line 14(8,80): Must have a #USE DELAY before this #USE
*** Error 12 "Examen3.c" Line 27(5,16): Undefined identifier   contador200
*** Error 12 "Examen3.c" Line 39(8,24): Undefined identifier   CaracterRecibido
*** Error 12 "Examen3.c" Line 40(5,11): Undefined identifier   conteo
*** Error 12 "Examen3.c" Line 41(11,17): Undefined identifier   conteo
*** Error 12 "Examen3.c" Line 42(8,14): Undefined identifier   conteo
*** Error 51 "Examen3.c" Line 43(9,13): A numeric expression must appear here
*** Error 12 "Examen3.c" Line 44(8,14): Undefined identifier   conteo
*** Error 51 "Examen3.c" Line 45(9,13): A numeric expression must appear here
*** Error 12 "Examen3.c" Line 46(8,14): Undefined identifier   conteo
*** Error 12 "Examen3.c" Line 49(8,24): Undefined identifier   CaracterRecibido
*** Error 12 "Examen3.c" Line 50(5,11): Undefined identifier   conteo
*** Error 12 "Examen3.c" Line 51(8,14): Undefined identifier   conteo
*** Error 12 "Examen3.c" Line 52(8,14): Undefined identifier   conteo
*** Error 51 "Examen3.c" Line 53(9,13): A numeric expression must appear here
*** Error 12 "Examen3.c" Line 54(8,14): Undefined identifier   conteo
*** Error 51 "Examen3.c" Line 55(9,13): A numeric expression must appear here
*** Error 12 "Examen3.c" Line 56(8,14): Undefined identifier   conteo
*** Error 12 "Examen3.c" Line 59(8,24): Undefined identifier   CaracterRecibido
*** Error 12 "Examen3.c" Line 60(5,11): Undefined identifier   conteo
*** Error 12 "Examen3.c" Line 61(8,14): Undefined identifier   conteo
*** Error 12 "Examen3.c" Line 62(8,14): Undefined identifier   conteo
*** Error 51 "Examen3.c" Line 63(9,13): A numeric expression must appear here
*** Error 12 "Examen3.c" Line 64(8,14): Undefined identifier   conteo
*** Error 51 "Examen3.c" Line 65(9,13): A numeric expression must appear here
*** Error 12 "Examen3.c" Line 66(8,14): Undefined identifier   conteo
*** Error 12 "Examen3.c" Line 69(8,24): Undefined identifier   CaracterRecibido
*** Error 12 "Examen3.c" Line 70(5,11): Undefined identifier   conteo
*** Error 12 "Examen3.c" Line 71(8,14): Undefined identifier   conteo
*** Error 12 "Examen3.c" Line 72(8,14): Undefined identifier   conteo
*** Error 51 "Examen3.c" Line 73(9,13): A numeric expression must appear here
*** Error 12 "Examen3.c" Line 74(8,14): Undefined identifier   conteo
*** Error 51 "Examen3.c" Line 75(9,13): A numeric expression must appear here
*** Error 12 "Examen3.c" Line 76(8,14): Undefined identifier   conteo
      37 Errors,  0 Warnings.
Build Failed.
