
ROM used:   988/65536 (2%)
            988/65536 (2%) including unused fragments

            0.4 Average locations per line
            2.3 Average locations per statement

RAM used:   33/3968 (1%) at main() level
            36/3968 (1%) worst case

Stack used: 2 worst case (1 in main + 1 for interrupts)
Stack size: 31

Lines Stmts  %   Files
----- ----- ---  -----
  115    73  17  Examen3.c
  834     0   0  ..\..\..\..\..\..\Program Files (x86)\PICC\Devices\18F4620.h
   37     0   0  ..\..\..\..\..\..\Program Files (x86)\PICC\Drivers\stdio.h
  423     0   0  ..\..\..\..\..\..\Program Files (x86)\PICC\Drivers\string.h
   32     0   0  ..\..\..\..\..\..\Program Files (x86)\PICC\Drivers\stddef.h
   28     0   0  ..\..\..\..\..\..\Program Files (x86)\PICC\Drivers\ctype.h
 1351   359  83  ..\..\..\..\..\..\Program Files (x86)\PICC\Drivers\stdlib.h
----- -----
 2820   432 Total

Page ROM  %  RAM   Vol Diff  Functions:
---- --- --- ---   --- ----  ----------
0     40   2    1    42  1.4  @delay_ms1
0     16   1    0    42  1.4  isr_rda
0     16   1    0    29  1.2  timer_0
0    742  38    1  2314  7.8  MAIN
0      2   0    0             @const925
0      2   0    0             @const926
0      2   0    0             @const927
0      2   0    0             @const928
0      2   0    0             @const929
0      2   0    0             @const930
0      2   0    0             @const931
0      2   0    0             @const932
 Inline         0             @cinit1

Program metrics:
    Functions               4
    Statements              432
    Comments                699
    Volume (V)              2670
    Difficulty (D)          12.5
    Effort to implement (E) 33353
    Time to implement (T)   31 minutes
    Est Delivered Bugs (B)  0
    Cyclomatic Complexity   19
    Maintainability (MI)    110

 Segment     Used  Free
-----------  ----  ----
00000-00002     4  0  
00004-00006     0  4  
00008-000A0   154  0  
000A2-0FFFE   830  64544  



